\BOOKMARK [0][-]{section*.2}{Rutherford Scattering}{}% 2
\BOOKMARK [1][-]{section*.1}{Abstract}{section*.2}% 1
\BOOKMARK [1][-]{section*.3}{Contents}{section*.2}% 3
\BOOKMARK [1][-]{section*.4}{Introduction}{section*.2}% 4
\BOOKMARK [1][-]{section*.5}{Experimental apparatus}{section*.2}% 5
\BOOKMARK [2][-]{section*.6}{Vacuum system}{section*.5}% 6
\BOOKMARK [2][-]{section*.7}{Mechanical system}{section*.5}% 7
\BOOKMARK [3][-]{section*.8}{Step motor}{section*.7}% 8
\BOOKMARK [3][-]{section*.9}{Source support}{section*.7}% 9
\BOOKMARK [2][-]{section*.10}{ \040particles source}{section*.5}% 10
\BOOKMARK [2][-]{section*.11}{Silicon detector}{section*.5}% 11
\BOOKMARK [2][-]{section*.12}{ALPIDE detector}{section*.5}% 12
\BOOKMARK [1][-]{section*.13}{Preliminary tests}{section*.2}% 13
\BOOKMARK [2][-]{section*.14}{Silicon detector characterization}{section*.13}% 14
\BOOKMARK [2][-]{section*.15}{ALPIDE detector characterization}{section*.13}% 15
\BOOKMARK [1][-]{section*.16}{Numerical simulation of the experiment}{section*.2}% 16
\BOOKMARK [2][-]{section*.17}{Beam profile}{section*.16}% 17
\BOOKMARK [2][-]{section*.18}{Scattering angular distribution}{section*.16}% 18
\BOOKMARK [1][-]{section*.19}{Experimental data analysis and results}{section*.2}% 19
\BOOKMARK [2][-]{section*.20}{Beam profile}{section*.19}% 20
\BOOKMARK [2][-]{section*.21}{Scattering angular distribution}{section*.19}% 21
\BOOKMARK [1][-]{section*.22}{Conclusions}{section*.2}% 22
\BOOKMARK [1][-]{section*.23}{References}{section*.2}% 23
